  main.cpp
e:\cs\ctf\win64\exe\drvctrl.h(100): warning C4267: “参数”: 从“size_t”转换到“DWORD”，可能丢失数据
e:\cs\ctf\win64\exe\drvctrl.h(251): warning C4996: 'strncat': This function or variable may be unsafe. Consider using strncat_s instead. To disable deprecation, use _CRT_SECURE_NO_WARNINGS. See online help for details.
  c:\program files (x86)\windows kits\10\include\10.0.17763.0\ucrt\string.h(266): note: 参见“strncat”的声明
e:\cs\ctf\win64\exe\drvctrl.h(292): warning C4996: 'strncat': This function or variable may be unsafe. Consider using strncat_s instead. To disable deprecation, use _CRT_SECURE_NO_WARNINGS. See online help for details.
  c:\program files (x86)\windows kits\10\include\10.0.17763.0\ucrt\string.h(266): note: 参见“strncat”的声明
e:\cs\ctf\win64\exe\drvctrl.h(354): warning C4996: 'strncat': This function or variable may be unsafe. Consider using strncat_s instead. To disable deprecation, use _CRT_SECURE_NO_WARNINGS. See online help for details.
  c:\program files (x86)\windows kits\10\include\10.0.17763.0\ucrt\string.h(266): note: 参见“strncat”的声明
e:\cs\ctf\win64\exe\main.cpp(151): warning C4244: “参数”: 从“SIZE_T”转换到“DWORD”，可能丢失数据
e:\cs\ctf\win64\exe\main.cpp(157): warning C4244: “参数”: 从“SIZE_T”转换到“DWORD”，可能丢失数据
e:\cs\ctf\win64\exe\main.cpp(163): warning C4244: “参数”: 从“SIZE_T”转换到“DWORD”，可能丢失数据
e:\cs\ctf\win64\exe\main.cpp(170): warning C4244: “参数”: 从“SIZE_T”转换到“DWORD”，可能丢失数据
e:\cs\ctf\win64\exe\main.cpp(286): warning C4996: 'strcpy': This function or variable may be unsafe. Consider using strcpy_s instead. To disable deprecation, use _CRT_SECURE_NO_WARNINGS. See online help for details.
  c:\program files (x86)\windows kits\10\include\10.0.17763.0\ucrt\string.h(133): note: 参见“strcpy”的声明
e:\cs\ctf\win64\exe\main.cpp(291): warning C4996: 'strcpy': This function or variable may be unsafe. Consider using strcpy_s instead. To disable deprecation, use _CRT_SECURE_NO_WARNINGS. See online help for details.
  c:\program files (x86)\windows kits\10\include\10.0.17763.0\ucrt\string.h(133): note: 参见“strcpy”的声明
e:\cs\ctf\win64\exe\main.cpp(296): warning C4996: 'strcpy': This function or variable may be unsafe. Consider using strcpy_s instead. To disable deprecation, use _CRT_SECURE_NO_WARNINGS. See online help for details.
  c:\program files (x86)\windows kits\10\include\10.0.17763.0\ucrt\string.h(133): note: 参见“strcpy”的声明
e:\cs\ctf\win64\exe\main.cpp(301): warning C4996: 'strcpy': This function or variable may be unsafe. Consider using strcpy_s instead. To disable deprecation, use _CRT_SECURE_NO_WARNINGS. See online help for details.
  c:\program files (x86)\windows kits\10\include\10.0.17763.0\ucrt\string.h(133): note: 参见“strcpy”的声明
e:\cs\ctf\win64\exe\main.cpp(306): warning C4996: 'strcpy': This function or variable may be unsafe. Consider using strcpy_s instead. To disable deprecation, use _CRT_SECURE_NO_WARNINGS. See online help for details.
  c:\program files (x86)\windows kits\10\include\10.0.17763.0\ucrt\string.h(133): note: 参见“strcpy”的声明
e:\cs\ctf\win64\exe\main.cpp(311): warning C4996: 'strcpy': This function or variable may be unsafe. Consider using strcpy_s instead. To disable deprecation, use _CRT_SECURE_NO_WARNINGS. See online help for details.
  c:\program files (x86)\windows kits\10\include\10.0.17763.0\ucrt\string.h(133): note: 参见“strcpy”的声明
e:\cs\ctf\win64\exe\main.cpp(316): warning C4996: 'strcpy': This function or variable may be unsafe. Consider using strcpy_s instead. To disable deprecation, use _CRT_SECURE_NO_WARNINGS. See online help for details.
  c:\program files (x86)\windows kits\10\include\10.0.17763.0\ucrt\string.h(133): note: 参见“strcpy”的声明
e:\cs\ctf\win64\exe\main.cpp(321): warning C4996: 'strcpy': This function or variable may be unsafe. Consider using strcpy_s instead. To disable deprecation, use _CRT_SECURE_NO_WARNINGS. See online help for details.
  c:\program files (x86)\windows kits\10\include\10.0.17763.0\ucrt\string.h(133): note: 参见“strcpy”的声明
e:\cs\ctf\win64\exe\main.cpp(326): warning C4996: 'strcpy': This function or variable may be unsafe. Consider using strcpy_s instead. To disable deprecation, use _CRT_SECURE_NO_WARNINGS. See online help for details.
  c:\program files (x86)\windows kits\10\include\10.0.17763.0\ucrt\string.h(133): note: 参见“strcpy”的声明
e:\cs\ctf\win64\exe\main.cpp(331): warning C4996: 'strcpy': This function or variable may be unsafe. Consider using strcpy_s instead. To disable deprecation, use _CRT_SECURE_NO_WARNINGS. See online help for details.
  c:\program files (x86)\windows kits\10\include\10.0.17763.0\ucrt\string.h(133): note: 参见“strcpy”的声明
e:\cs\ctf\win64\exe\main.cpp(336): warning C4996: 'strcpy': This function or variable may be unsafe. Consider using strcpy_s instead. To disable deprecation, use _CRT_SECURE_NO_WARNINGS. See online help for details.
  c:\program files (x86)\windows kits\10\include\10.0.17763.0\ucrt\string.h(133): note: 参见“strcpy”的声明
e:\cs\ctf\win64\exe\main.cpp(341): warning C4996: 'strcpy': This function or variable may be unsafe. Consider using strcpy_s instead. To disable deprecation, use _CRT_SECURE_NO_WARNINGS. See online help for details.
  c:\program files (x86)\windows kits\10\include\10.0.17763.0\ucrt\string.h(133): note: 参见“strcpy”的声明
e:\cs\ctf\win64\exe\main.cpp(346): warning C4996: 'strcpy': This function or variable may be unsafe. Consider using strcpy_s instead. To disable deprecation, use _CRT_SECURE_NO_WARNINGS. See online help for details.
  c:\program files (x86)\windows kits\10\include\10.0.17763.0\ucrt\string.h(133): note: 参见“strcpy”的声明
e:\cs\ctf\win64\exe\main.cpp(351): warning C4996: 'strcpy': This function or variable may be unsafe. Consider using strcpy_s instead. To disable deprecation, use _CRT_SECURE_NO_WARNINGS. See online help for details.
  c:\program files (x86)\windows kits\10\include\10.0.17763.0\ucrt\string.h(133): note: 参见“strcpy”的声明
e:\cs\ctf\win64\exe\main.cpp(356): warning C4996: 'strcpy': This function or variable may be unsafe. Consider using strcpy_s instead. To disable deprecation, use _CRT_SECURE_NO_WARNINGS. See online help for details.
  c:\program files (x86)\windows kits\10\include\10.0.17763.0\ucrt\string.h(133): note: 参见“strcpy”的声明
e:\cs\ctf\win64\exe\main.cpp(361): warning C4996: 'strcpy': This function or variable may be unsafe. Consider using strcpy_s instead. To disable deprecation, use _CRT_SECURE_NO_WARNINGS. See online help for details.
  c:\program files (x86)\windows kits\10\include\10.0.17763.0\ucrt\string.h(133): note: 参见“strcpy”的声明
e:\cs\ctf\win64\exe\main.cpp(366): warning C4996: 'strcpy': This function or variable may be unsafe. Consider using strcpy_s instead. To disable deprecation, use _CRT_SECURE_NO_WARNINGS. See online help for details.
  c:\program files (x86)\windows kits\10\include\10.0.17763.0\ucrt\string.h(133): note: 参见“strcpy”的声明
e:\cs\ctf\win64\exe\main.cpp(378): warning C4996: 'strcpy': This function or variable may be unsafe. Consider using strcpy_s instead. To disable deprecation, use _CRT_SECURE_NO_WARNINGS. See online help for details.
  c:\program files (x86)\windows kits\10\include\10.0.17763.0\ucrt\string.h(133): note: 参见“strcpy”的声明
e:\cs\ctf\win64\exe\main.cpp(380): warning C4996: 'strcpy': This function or variable may be unsafe. Consider using strcpy_s instead. To disable deprecation, use _CRT_SECURE_NO_WARNINGS. See online help for details.
  c:\program files (x86)\windows kits\10\include\10.0.17763.0\ucrt\string.h(133): note: 参见“strcpy”的声明
e:\cs\ctf\win64\exe\main.cpp(400): warning C4477: “printf”: 格式字符串“%llx”需要类型“unsigned __int64”的参数，但可变参数 1 拥有了类型“HANDLE”
e:\cs\ctf\win64\exe\main.cpp(403): warning C4477: “printf”: 格式字符串“%llx”需要类型“unsigned __int64”的参数，但可变参数 1 拥有了类型“PVOID”
e:\cs\ctf\win64\exe\main.cpp(462): warning C4477: “printf”: 格式字符串“%ld”需要类型“long”的参数，但可变参数 1 拥有了类型“UINT64”
  e:\cs\ctf\win64\exe\main.cpp(462): note: 请考虑在格式字符串中使用“%lld”
  e:\cs\ctf\win64\exe\main.cpp(462): note: 请考虑在格式字符串中使用“%Id”
  e:\cs\ctf\win64\exe\main.cpp(462): note: 请考虑在格式字符串中使用“%I64d”
e:\cs\ctf\win64\exe\main.cpp(470): warning C4311: “类型强制转换”: 从“PVOID”到“DWORD”的指针截断
e:\cs\ctf\win64\exe\main.cpp(470): warning C4302: “类型强制转换”: 从“PVOID”到“DWORD”截断
e:\cs\ctf\win64\exe\main.cpp(500): warning C4244: “初始化”: 从“ULONG_PTR”转换到“DWORD”，可能丢失数据
e:\cs\ctf\win64\exe\main.cpp(516): warning C4477: “printf”: 格式字符串“%llx”需要类型“unsigned __int64”的参数，但可变参数 1 拥有了类型“HANDLE”
e:\cs\ctf\win64\exe\main.cpp(517): warning C4477: “printf”: 格式字符串“%llx”需要类型“unsigned __int64”的参数，但可变参数 1 拥有了类型“PVOID”
e:\cs\ctf\win64\exe\main.cpp(518): warning C4477: “printf”: 格式字符串“%llx”需要类型“unsigned __int64”的参数，但可变参数 1 拥有了类型“PVOID”
e:\cs\ctf\win64\exe\main.cpp(519): warning C4477: “printf”: 格式字符串“%llx”需要类型“unsigned __int64”的参数，但可变参数 1 拥有了类型“int”
  e:\cs\ctf\win64\exe\main.cpp(519): note: 请考虑在格式字符串中使用“%x”
  e:\cs\ctf\win64\exe\main.cpp(519): note: 请考虑在格式字符串中使用“%I32x”
e:\cs\ctf\win64\exe\main.cpp(521): warning C4477: “printf”: 格式字符串“%llx”需要类型“unsigned __int64”的参数，但可变参数 1 拥有了类型“int”
  e:\cs\ctf\win64\exe\main.cpp(521): note: 请考虑在格式字符串中使用“%x”
  e:\cs\ctf\win64\exe\main.cpp(521): note: 请考虑在格式字符串中使用“%I32x”
e:\cs\ctf\win64\exe\main.cpp(523): warning C4477: “printf”: 格式字符串“%llx”需要类型“unsigned __int64”的参数，但可变参数 1 拥有了类型“PVOID”
e:\cs\ctf\win64\exe\main.cpp(555): warning C4477: “printf”: 格式字符串“%llx”需要类型“unsigned __int64”的参数，但可变参数 1 拥有了类型“HANDLE”
e:\cs\ctf\win64\exe\main.cpp(556): warning C4477: “printf”: 格式字符串“%llx”需要类型“unsigned __int64”的参数，但可变参数 1 拥有了类型“PVOID”
e:\cs\ctf\win64\exe\main.cpp(557): warning C4477: “printf”: 格式字符串“%llx”需要类型“unsigned __int64”的参数，但可变参数 1 拥有了类型“PVOID”
e:\cs\ctf\win64\exe\main.cpp(558): warning C4477: “printf”: 格式字符串“%llx”需要类型“unsigned __int64”的参数，但可变参数 1 拥有了类型“int”
  e:\cs\ctf\win64\exe\main.cpp(558): note: 请考虑在格式字符串中使用“%x”
  e:\cs\ctf\win64\exe\main.cpp(558): note: 请考虑在格式字符串中使用“%I32x”
e:\cs\ctf\win64\exe\main.cpp(560): warning C4477: “printf”: 格式字符串“%llx”需要类型“unsigned __int64”的参数，但可变参数 1 拥有了类型“int”
  e:\cs\ctf\win64\exe\main.cpp(560): note: 请考虑在格式字符串中使用“%x”
  e:\cs\ctf\win64\exe\main.cpp(560): note: 请考虑在格式字符串中使用“%I32x”
e:\cs\ctf\win64\exe\main.cpp(562): warning C4477: “printf”: 格式字符串“%llx”需要类型“unsigned __int64”的参数，但可变参数 1 拥有了类型“PVOID”
  正在生成代码
  2 of 267 functions ( 0.7%) were compiled, the rest were copied from previous compilation.
    0 functions were new in current compilation
    1 functions had inline decision re-evaluated but remain unchanged
  已完成代码的生成
  exe.vcxproj -> E:\cs\ctf\win64\exe\x64\Release\exe.exe
